Build started 30/04/2016 4:30:38 p.m..
     1>Project "C:\Users\Rui\Documents\Dev\TSGL\myProject\myProject.vcxproj" on node 2 (Rebuild target(s)).
     1>ClCompile:
         C:\Program Files (x86)\Microsoft Visual Studio 11.0\VC\bin\CL.exe /c /IC:\Users\Rui\Documents\Dev\TSGL\src\TSGL /IC:\Users\Rui\Documents\Dev\TSGL\include /ZI /nologo /W3 /WX- /Od /Oy- /D WIN32 /D _DEBUG /D _CONSOLE /D _UNICODE /D UNICODE /Gm /EHsc /RTC1 /MDd /GS /fp:precise /Zc:wchar_t /Zc:forScope /openmp /Fo"Debug\myProject\\" /Fd"Debug\myProject\vc110.pdb" /Gd /TP /analyze- /errorReport:prompt Boid2d.cpp main.cpp MyUtils.cpp smallppm_exp.cpp
         smallppm_exp.cpp
     1>c:\users\rui\documents\dev\tsgl\src\tsgl\util.h(98): warning C4244: '=' : conversion from 'float' to 'int', possible loss of data
     1>c:\users\rui\documents\dev\tsgl\src\tsgl\util.h(108): warning C4996: 'fopen': This function or variable may be unsafe. Consider using fopen_s instead. To disable deprecation, use _CRT_SECURE_NO_WARNINGS. See online help for details.
                 c:\program files (x86)\microsoft visual studio 11.0\vc\include\stdio.h(218) : see declaration of 'fopen'
     1>c:\users\rui\documents\dev\tsgl\src\tsgl\progressbar.h(87): warning C4244: 'return' : conversion from 'float' to 'int', possible loss of data
     1>c:\users\rui\documents\dev\tsgl\myproject\smallppm_exp.cpp(313): warning C4018: '<' : signed/unsigned mismatch
     1>c:\users\rui\documents\dev\tsgl\myproject\smallppm_exp.cpp(337): warning C4244: 'argument' : conversion from 'double' to 'float', possible loss of data
         MyUtils.cpp
         main.cpp
     1>c:\users\rui\documents\dev\tsgl\src\tsgl\util.h(98): warning C4244: '=' : conversion from 'float' to 'int', possible loss of data
     1>c:\users\rui\documents\dev\tsgl\src\tsgl\util.h(108): warning C4996: 'fopen': This function or variable may be unsafe. Consider using fopen_s instead. To disable deprecation, use _CRT_SECURE_NO_WARNINGS. See online help for details.
                 c:\program files (x86)\microsoft visual studio 11.0\vc\include\stdio.h(218) : see declaration of 'fopen'
     1>c:\users\rui\documents\dev\tsgl\src\tsgl\progressbar.h(87): warning C4244: 'return' : conversion from 'float' to 'int', possible loss of data
     1>c:\users\rui\documents\dev\tsgl\myproject\flock2d.h(189): warning C4018: '<' : signed/unsigned mismatch
     1>c:\users\rui\documents\dev\tsgl\myproject\flock2d.h(407): warning C4018: '>' : signed/unsigned mismatch
     1>c:\users\rui\documents\dev\tsgl\myproject\main.cpp(35): warning C4244: 'argument' : conversion from 'float' to 'int', possible loss of data
         Boid2d.cpp
     1>c:\users\rui\documents\dev\tsgl\myproject\flock2d.h(189): warning C4018: '<' : signed/unsigned mismatch
     1>c:\users\rui\documents\dev\tsgl\myproject\flock2d.h(407): warning C4018: '>' : signed/unsigned mismatch
     1>c:\users\rui\documents\dev\tsgl\myproject\boid2d.cpp(188): warning C4018: '<' : signed/unsigned mismatch
     1>c:\users\rui\documents\dev\tsgl\myproject\boid2d.cpp(223): warning C4018: '<' : signed/unsigned mismatch
     1>c:\users\rui\documents\dev\tsgl\myproject\boid2d.cpp(255): warning C4018: '<' : signed/unsigned mismatch
     1>c:\users\rui\documents\dev\tsgl\myproject\boid2d.cpp(370): warning C4018: '<' : signed/unsigned mismatch
     1>c:\users\rui\documents\dev\tsgl\myproject\boid2d.cpp(433): warning C4018: '<' : signed/unsigned mismatch
         Generating Code...
       Link:
         C:\Program Files (x86)\Microsoft Visual Studio 11.0\VC\bin\link.exe /ERRORREPORT:PROMPT /OUT:"C:\Users\Rui\Documents\Dev\TSGL\Debug\myProject.exe" /INCREMENTAL /NOLOGO tsgl.lib freeglutd.lib freetype.lib glew32sd.lib glfw3.lib kernel32.lib user32.lib gdi32.lib winspool.lib comdlg32.lib advapi32.lib shell32.lib ole32.lib oleaut32.lib uuid.lib odbc32.lib odbccp32.lib /MANIFEST /MANIFESTUAC:"level='asInvoker' uiAccess='false'" /manifest:embed /DEBUG /PDB:"C:\Users\Rui\Documents\Dev\TSGL\Debug\myProject.pdb" /SUBSYSTEM:CONSOLE /TLBID:1 /DYNAMICBASE /NXCOMPAT /IMPLIB:"C:\Users\Rui\Documents\Dev\TSGL\Debug\myProject.lib" /MACHINE:X86 Debug\myProject\Boid2d.obj
         Debug\myProject\main.obj
         Debug\myProject\MyUtils.obj
         Debug\myProject\smallppm_exp.obj
     1>tsgl.lib(Triangle.obj) : warning LNK4217: locally defined symbol ___glewBufferData imported in function "public: __thiscall std::_Generic_error_category::_Generic_error_category(void)" (??0_Generic_error_category@std@@QAE@XZ)
     1>tsgl.lib(Image.obj) : warning LNK4217: locally defined symbol ___glewBufferData imported in function "void __cdecl `dynamic initializer for 'public: static class std::_Generic_error_category std::_Error_objects<int>::_Generic_object''(void)" (??__E?_Generic_object@?$_Error_objects@H@std@@2V_Generic_error_category@2@A@@YAXXZ)
     1>tsgl.lib(Line.obj) : warning LNK4217: locally defined symbol ___glewBufferData imported in function "public: __thiscall std::_Generic_error_category::_Generic_error_category(void)" (??0_Generic_error_category@std@@QAE@XZ)
     1>tsgl.lib(Polyline.obj) : warning LNK4049: locally defined symbol ___glewBufferData imported
     1>tsgl.lib(Rectangle.obj) : warning LNK4217: locally defined symbol ___glewBufferData imported in function "public: __thiscall std::_Generic_error_category::_Generic_error_category(void)" (??0_Generic_error_category@std@@QAE@XZ)
     1>tsgl.lib(TriangleStrip.obj) : warning LNK4049: locally defined symbol ___glewBufferData imported
     1>tsgl.lib(ConcavePolygon.obj) : warning LNK4049: locally defined symbol ___glewBufferData imported
     1>tsgl.lib(ConvexPolygon.obj) : warning LNK4049: locally defined symbol ___glewBufferData imported
     1>tsgl.lib(TextureHandler.obj) : warning LNK4217: locally defined symbol ___glewBufferData imported in function "private: static bool __cdecl tsgl::TextureHandler::testLoadFont(class tsgl::TextureHandler &)" (?testLoadFont@TextureHandler@tsgl@@CA_NAAV12@@Z)
     1>glew32sd.lib(glew.obj) : warning LNK4099: PDB 'vc110.pdb' was not found with 'glew32sd.lib(glew.obj)' or at 'C:\Users\Rui\Documents\Dev\TSGL\Debug\vc110.pdb'; linking object as if no debug info
     1>glfw3.lib(context.obj) : warning LNK4099: PDB 'vc110.pdb' was not found with 'glfw3.lib(context.obj)' or at 'C:\Users\Rui\Documents\Dev\TSGL\Debug\vc110.pdb'; linking object as if no debug info
     1>glfw3.lib(init.obj) : warning LNK4099: PDB 'vc110.pdb' was not found with 'glfw3.lib(init.obj)' or at 'C:\Users\Rui\Documents\Dev\TSGL\Debug\vc110.pdb'; linking object as if no debug info
     1>glfw3.lib(input.obj) : warning LNK4099: PDB 'vc110.pdb' was not found with 'glfw3.lib(input.obj)' or at 'C:\Users\Rui\Documents\Dev\TSGL\Debug\vc110.pdb'; linking object as if no debug info
     1>glfw3.lib(monitor.obj) : warning LNK4099: PDB 'vc110.pdb' was not found with 'glfw3.lib(monitor.obj)' or at 'C:\Users\Rui\Documents\Dev\TSGL\Debug\vc110.pdb'; linking object as if no debug info
     1>glfw3.lib(window.obj) : warning LNK4099: PDB 'vc110.pdb' was not found with 'glfw3.lib(window.obj)' or at 'C:\Users\Rui\Documents\Dev\TSGL\Debug\vc110.pdb'; linking object as if no debug info
     1>glfw3.lib(win32_init.obj) : warning LNK4099: PDB 'vc110.pdb' was not found with 'glfw3.lib(win32_init.obj)' or at 'C:\Users\Rui\Documents\Dev\TSGL\Debug\vc110.pdb'; linking object as if no debug info
     1>glfw3.lib(win32_monitor.obj) : warning LNK4099: PDB 'vc110.pdb' was not found with 'glfw3.lib(win32_monitor.obj)' or at 'C:\Users\Rui\Documents\Dev\TSGL\Debug\vc110.pdb'; linking object as if no debug info
     1>glfw3.lib(win32_time.obj) : warning LNK4099: PDB 'vc110.pdb' was not found with 'glfw3.lib(win32_time.obj)' or at 'C:\Users\Rui\Documents\Dev\TSGL\Debug\vc110.pdb'; linking object as if no debug info
     1>glfw3.lib(win32_tls.obj) : warning LNK4099: PDB 'vc110.pdb' was not found with 'glfw3.lib(win32_tls.obj)' or at 'C:\Users\Rui\Documents\Dev\TSGL\Debug\vc110.pdb'; linking object as if no debug info
     1>glfw3.lib(win32_window.obj) : warning LNK4099: PDB 'vc110.pdb' was not found with 'glfw3.lib(win32_window.obj)' or at 'C:\Users\Rui\Documents\Dev\TSGL\Debug\vc110.pdb'; linking object as if no debug info
     1>glfw3.lib(winmm_joystick.obj) : warning LNK4099: PDB 'vc110.pdb' was not found with 'glfw3.lib(winmm_joystick.obj)' or at 'C:\Users\Rui\Documents\Dev\TSGL\Debug\vc110.pdb'; linking object as if no debug info
     1>glfw3.lib(wgl_context.obj) : warning LNK4099: PDB 'vc110.pdb' was not found with 'glfw3.lib(wgl_context.obj)' or at 'C:\Users\Rui\Documents\Dev\TSGL\Debug\vc110.pdb'; linking object as if no debug info
         myProject.vcxproj -> C:\Users\Rui\Documents\Dev\TSGL\Debug\myProject.exe
     1>Done Building Project "C:\Users\Rui\Documents\Dev\TSGL\myProject\myProject.vcxproj" (Rebuild target(s)).

Build succeeded.

Time Elapsed 00:00:06.60
